2014/06/29 18:46:18 [error] [exception.CException] exception 'CException' with message 'Псевдоним "application.behaviors.TaggingBehavior" неверен. Убедитесь, что он указывает на существующий PHP файл.' in /Applications/MAMP/htdocs/PhpStorm/pavelpigalev/framework/YiiBase.php:322
Stack trace:
#0 /Applications/MAMP/htdocs/PhpStorm/pavelpigalev/framework/YiiBase.php(196): YiiBase::import('application.beh...', true)
#1 /Applications/MAMP/htdocs/PhpStorm/pavelpigalev/framework/base/CComponent.php(329): YiiBase::createComponent(Array)
#2 /Applications/MAMP/htdocs/PhpStorm/pavelpigalev/framework/base/CComponent.php(298): CComponent->attachBehavior('Tagging', Array)
#3 /Applications/MAMP/htdocs/PhpStorm/pavelpigalev/framework/base/CApplicationComponent.php(45): CComponent->attachBehaviors(Array)
#4 /Applications/MAMP/htdocs/PhpStorm/pavelpigalev/framework/caching/CCache.php(83): CApplicationComponent->init()
#5 /Applications/MAMP/htdocs/PhpStorm/pavelpigalev/framework/caching/CMemCache.php(87): CCache->init()
#6 /Applications/MAMP/htdocs/PhpStorm/pavelpigalev/framework/base/CModule.php(387): CMemCache->init()
#7 /Applications/MAMP/htdocs/PhpStorm/pavelpigalev/framework/web/CUrlManager.php(216): CModule->getComponent('cache')
#8 /Applications/MAMP/htdocs/PhpStorm/pavelpigalev/framework/web/CUrlManager.php(206): CUrlManager->processRules()
#9 /Applications/MAMP/htdocs/PhpStorm/pavelpigalev/framework/base/CModule.php(387): CUrlManager->init()
#10 /Applications/MAMP/htdocs/PhpStorm/pavelpigalev/framework/base/CApplication.php(522): CModule->getComponent('urlManager')
#11 /Applications/MAMP/htdocs/PhpStorm/pavelpigalev/framework/web/CWebApplication.php(140): CApplication->getUrlManager()
#12 /Applications/MAMP/htdocs/PhpStorm/pavelpigalev/framework/base/CApplication.php(180): CWebApplication->processRequest()
#13 /Applications/MAMP/htdocs/PhpStorm/pavelpigalev/pavelpigalev/index.php(13): CApplication->run()
#14 {main}
REQUEST_URI=/
---
2014/06/29 19:09:18 [error] [exception.CException] exception 'CException' with message 'CAssetManager.basePath "/Applications/MAMP/htdocs/PhpStorm/pavelpigalev/pavelpigalev/assets" is invalid. Please make sure the directory exists and is writable by the Web server process.' in /Applications/MAMP/htdocs/PhpStorm/pavelpigalev/framework/web/CAssetManager.php:138
Stack trace:
#0 /Applications/MAMP/htdocs/PhpStorm/pavelpigalev/framework/web/CAssetManager.php(123): CAssetManager->setBasePath('/Applications/M...')
#1 /Applications/MAMP/htdocs/PhpStorm/pavelpigalev/framework/web/CAssetManager.php(217): CAssetManager->getBasePath()
#2 /Applications/MAMP/htdocs/PhpStorm/pavelpigalev/framework/web/CClientScript.php(510): CAssetManager->publish('/Applications/M...')
#3 /Applications/MAMP/htdocs/PhpStorm/pavelpigalev/framework/web/CClientScript.php(547): CClientScript->getCoreScriptUrl()
#4 /Applications/MAMP/htdocs/PhpStorm/pavelpigalev/framework/web/CClientScript.php(348): CClientScript->getPackageBaseUrl('jquery')
#5 /Applications/MAMP/htdocs/PhpStorm/pavelpigalev/framework/web/CClientScript.php(208): CClientScript->renderCoreScripts()
#6 /Applications/MAMP/htdocs/PhpStorm/pavelpigalev/framework/web/CController.php(351): CClientScript->render('<!DOCTYPE html ...')
#7 /Applications/MAMP/htdocs/PhpStorm/pavelpigalev/framework/web/CController.php(788): CController->processOutput('<!DOCTYPE html ...')
#8 /Applications/MAMP/htdocs/PhpStorm/pavelpigalev/pavelpigalev/protected/controllers/SiteController.php(52): CController->render('contact', Array)
#9 /Applications/MAMP/htdocs/PhpStorm/pavelpigalev/framework/web/actions/CInlineAction.php(49): SiteController->actionContact()
#10 /Applications/MAMP/htdocs/PhpStorm/pavelpigalev/framework/web/CController.php(308): CInlineAction->runWithParams(Array)
#11 /Applications/MAMP/htdocs/PhpStorm/pavelpigalev/framework/web/CController.php(286): CController->runAction(Object(CInlineAction))
#12 /Applications/MAMP/htdocs/PhpStorm/pavelpigalev/framework/web/CController.php(265): CController->runActionWithFilters(Object(CInlineAction), Array)
#13 /Applications/MAMP/htdocs/PhpStorm/pavelpigalev/framework/web/CWebApplication.php(282): CController->run('contact')
#14 /Applications/MAMP/htdocs/PhpStorm/pavelpigalev/framework/web/CWebApplication.php(141): CWebApplication->runController('site/contact')
#15 /Applications/MAMP/htdocs/PhpStorm/pavelpigalev/framework/base/CApplication.php(180): CWebApplication->processRequest()
#16 /Applications/MAMP/htdocs/PhpStorm/pavelpigalev/pavelpigalev/index.php(13): CApplication->run()
#17 {main}
REQUEST_URI=/site/contact/
HTTP_REFERER=http://pp:8888/site/page/?view=about
---
2014/07/01 00:44:46 [error] [exception.CHttpException.404] exception 'CHttpException' with message 'The system is unable to find the requested action "index2".' in /Applications/MAMP/htdocs/PhpStorm/pavelpigalev/framework/web/CController.php:483
Stack trace:
#0 /Applications/MAMP/htdocs/PhpStorm/pavelpigalev/framework/web/CController.php(270): CController->missingAction('index2')
#1 /Applications/MAMP/htdocs/PhpStorm/pavelpigalev/framework/web/CWebApplication.php(282): CController->run('index2')
#2 /Applications/MAMP/htdocs/PhpStorm/pavelpigalev/framework/web/CWebApplication.php(141): CWebApplication->runController('site/index2')
#3 /Applications/MAMP/htdocs/PhpStorm/pavelpigalev/framework/base/CApplication.php(180): CWebApplication->processRequest()
#4 /Applications/MAMP/htdocs/PhpStorm/pavelpigalev/pavelpigalev/index.php(13): CApplication->run()
#5 {main}
REQUEST_URI=/site/index2/
---
2014/07/01 00:45:44 [error] [exception.CHttpException.404] exception 'CHttpException' with message 'The system is unable to find the requested action "index2".' in /Applications/MAMP/htdocs/PhpStorm/pavelpigalev/framework/web/CController.php:483
Stack trace:
#0 /Applications/MAMP/htdocs/PhpStorm/pavelpigalev/framework/web/CController.php(270): CController->missingAction('index2')
#1 /Applications/MAMP/htdocs/PhpStorm/pavelpigalev/framework/web/CWebApplication.php(282): CController->run('index2')
#2 /Applications/MAMP/htdocs/PhpStorm/pavelpigalev/framework/web/CWebApplication.php(141): CWebApplication->runController('site/index2')
#3 /Applications/MAMP/htdocs/PhpStorm/pavelpigalev/framework/base/CApplication.php(180): CWebApplication->processRequest()
#4 /Applications/MAMP/htdocs/PhpStorm/pavelpigalev/pavelpigalev/index.php(13): CApplication->run()
#5 {main}
REQUEST_URI=/site/index2/
---
2014/07/01 00:45:46 [error] [exception.CHttpException.404] exception 'CHttpException' with message 'The system is unable to find the requested action "index2".' in /Applications/MAMP/htdocs/PhpStorm/pavelpigalev/framework/web/CController.php:483
Stack trace:
#0 /Applications/MAMP/htdocs/PhpStorm/pavelpigalev/framework/web/CController.php(270): CController->missingAction('index2')
#1 /Applications/MAMP/htdocs/PhpStorm/pavelpigalev/framework/web/CWebApplication.php(282): CController->run('index2')
#2 /Applications/MAMP/htdocs/PhpStorm/pavelpigalev/framework/web/CWebApplication.php(141): CWebApplication->runController('site/index2')
#3 /Applications/MAMP/htdocs/PhpStorm/pavelpigalev/framework/base/CApplication.php(180): CWebApplication->processRequest()
#4 /Applications/MAMP/htdocs/PhpStorm/pavelpigalev/pavelpigalev/index.php(13): CApplication->run()
#5 {main}
REQUEST_URI=/site/index2/
---
2014/07/01 00:45:56 [error] [exception.CHttpException.404] exception 'CHttpException' with message 'The system is unable to find the requested action "index2".' in /Applications/MAMP/htdocs/PhpStorm/pavelpigalev/framework/web/CController.php:483
Stack trace:
#0 /Applications/MAMP/htdocs/PhpStorm/pavelpigalev/framework/web/CController.php(270): CController->missingAction('index2')
#1 /Applications/MAMP/htdocs/PhpStorm/pavelpigalev/framework/web/CWebApplication.php(282): CController->run('index2')
#2 /Applications/MAMP/htdocs/PhpStorm/pavelpigalev/framework/web/CWebApplication.php(141): CWebApplication->runController('site/index2')
#3 /Applications/MAMP/htdocs/PhpStorm/pavelpigalev/framework/base/CApplication.php(180): CWebApplication->processRequest()
#4 /Applications/MAMP/htdocs/PhpStorm/pavelpigalev/pavelpigalev/index.php(13): CApplication->run()
#5 {main}
REQUEST_URI=/site/index2/
---
2014/07/01 00:46:08 [error] [exception.CHttpException.404] exception 'CHttpException' with message 'Системе не удалось найти запрашиваемое действие "index2".' in /Applications/MAMP/htdocs/PhpStorm/pavelpigalev/framework/web/CController.php:483
Stack trace:
#0 /Applications/MAMP/htdocs/PhpStorm/pavelpigalev/framework/web/CController.php(270): CController->missingAction('index2')
#1 /Applications/MAMP/htdocs/PhpStorm/pavelpigalev/framework/web/CWebApplication.php(282): CController->run('index2')
#2 /Applications/MAMP/htdocs/PhpStorm/pavelpigalev/framework/web/CWebApplication.php(141): CWebApplication->runController('site/index2')
#3 /Applications/MAMP/htdocs/PhpStorm/pavelpigalev/framework/base/CApplication.php(180): CWebApplication->processRequest()
#4 /Applications/MAMP/htdocs/PhpStorm/pavelpigalev/pavelpigalev/index.php(13): CApplication->run()
#5 {main}
REQUEST_URI=/site/index2/
---
2014/07/01 00:46:38 [error] [exception.CHttpException.404] exception 'CHttpException' with message 'Системе не удалось найти запрашиваемое действие "index2".' in /Applications/MAMP/htdocs/PhpStorm/pavelpigalev/framework/web/CController.php:483
Stack trace:
#0 /Applications/MAMP/htdocs/PhpStorm/pavelpigalev/framework/web/CController.php(270): CController->missingAction('index2')
#1 /Applications/MAMP/htdocs/PhpStorm/pavelpigalev/framework/web/CWebApplication.php(282): CController->run('index2')
#2 /Applications/MAMP/htdocs/PhpStorm/pavelpigalev/framework/web/CWebApplication.php(141): CWebApplication->runController('site/index2')
#3 /Applications/MAMP/htdocs/PhpStorm/pavelpigalev/framework/base/CApplication.php(180): CWebApplication->processRequest()
#4 /Applications/MAMP/htdocs/PhpStorm/pavelpigalev/pavelpigalev/index.php(13): CApplication->run()
#5 {main}
REQUEST_URI=/site/index2/
---
